0 info it worked if it ends with ok
1 verbose cli [ 'C:\\Program Files\\nodejs\\node.exe',
1 verbose cli   'C:\\Program Files\\nodejs\\node_modules\\npm\\bin\\npm-cli.js',
1 verbose cli   'search',
1 verbose cli   '/.*' ]
2 info using npm@1.3.2
3 info using node@v0.10.13
4 verbose url raw /-/all/since?stale=update_after&startkey=1402600253640
5 verbose url resolving [ 'https://registry.npmjs.org/',
5 verbose url resolving   './-/all/since?stale=update_after&startkey=1402600253640' ]
6 verbose url resolved https://registry.npmjs.org/-/all/since?stale=update_after&startkey=1402600253640
7 info trying registry request attempt 1 at 20:09:51
8 http GET https://registry.npmjs.org/-/all/since?stale=update_after&startkey=1402600253640
9 http 200 https://registry.npmjs.org/-/all/since?stale=update_after&startkey=1402600253640
10 error TypeError: Object.keys called on non-object
10 error     at Function.keys (native)
10 error     at stripData (C:\Program Files\nodejs\node_modules\npm\lib\search.js:88:28)
10 error     at Array.map (native)
10 error     at filter (C:\Program Files\nodejs\node_modules\npm\lib\search.js:72:6)
10 error     at C:\Program Files\nodejs\node_modules\npm\lib\search.js:62:21
10 error     at C:\Program Files\nodejs\node_modules\npm\node_modules\npm-registry-client\lib\get.js:93:14
10 error     at Object.oncomplete (fs.js:107:15)
11 error If you need help, you may report this log at:
11 error     <http://github.com/isaacs/npm/issues>
11 error or email it to:
11 error     <npm-@googlegroups.com>
12 error System Windows_NT 6.1.7601
13 error command "C:\\Program Files\\nodejs\\node.exe" "C:\\Program Files\\nodejs\\node_modules\\npm\\bin\\npm-cli.js" "search" "/.*"
14 error cwd C:\Workspace\Sandbox\Ruby\Rails\projects\human_resources
15 error node -v v0.10.13
16 error npm -v 1.3.2
17 error type called_on_non_object
18 verbose exit [ 1, true ]
